<?xml version="1.0" encoding="UTF-8"?>
<!-- Generated by org.testng.reporters.JUnitXMLReporter -->
<testsuite hostname="DESKTOP-SFS223H" name="RSAutomation Regression Test" tests="9" failures="0" timestamp="29 Oct 2019 21:10:39 GMT" time="0.153" errors="0">
  <testcase name="@BeforeMethod setUp" time="0.0" classname="com.qa.rsautomation.tests.HomePageTest">
    <failure type="java.lang.NullPointerException">
      <![CDATA[java.lang.NullPointerException
	at com.qa.rsautomation.base.TestBase.initialisation(TestBase.java:41)
	at com.qa.rsautomation.tests.HomePageTest.setUp(HomePageTest.java:23)
... Removed 26 stack frames]]>
    </failure>
  </testcase> <!-- @BeforeMethod setUp -->
  <testcase name="@AfterMethod tearDown" time="0.0" classname="com.qa.rsautomation.tests.HomePageTest">
    <skipped/>
  </testcase> <!-- @AfterMethod tearDown -->
  <testcase name="@BeforeMethod setUp" time="0.0" classname="com.qa.rsautomation.tests.HomePageTest">
    <skipped/>
  </testcase> <!-- @BeforeMethod setUp -->
  <testcase name="@AfterMethod tearDown" time="0.0" classname="com.qa.rsautomation.tests.HomePageTest">
    <skipped/>
  </testcase> <!-- @AfterMethod tearDown -->
  <testcase name="@BeforeMethod setUp" time="0.0" classname="com.qa.rsautomation.tests.HomePageTest">
    <skipped/>
  </testcase> <!-- @BeforeMethod setUp -->
  <testcase name="@AfterMethod tearDown" time="0.0" classname="com.qa.rsautomation.tests.HomePageTest">
    <skipped/>
  </testcase> <!-- @AfterMethod tearDown -->
  <testcase name="@BeforeMethod setUp" time="0.0" classname="com.qa.rsautomation.tests.LoginPageTest">
    <failure type="java.lang.NullPointerException">
      <![CDATA[java.lang.NullPointerException
	at com.qa.rsautomation.base.TestBase.initialisation(TestBase.java:41)
	at com.qa.rsautomation.tests.LoginPageTest.setUp(LoginPageTest.java:22)
... Removed 26 stack frames]]>
    </failure>
  </testcase> <!-- @BeforeMethod setUp -->
  <testcase name="@AfterMethod tearDown" time="0.0" classname="com.qa.rsautomation.tests.LoginPageTest">
    <skipped/>
  </testcase> <!-- @AfterMethod tearDown -->
  <testcase name="@BeforeMethod setUp" time="0.0" classname="com.qa.rsautomation.tests.LoginPageTest">
    <skipped/>
  </testcase> <!-- @BeforeMethod setUp -->
  <testcase name="@AfterMethod tearDown" time="0.0" classname="com.qa.rsautomation.tests.LoginPageTest">
    <skipped/>
  </testcase> <!-- @AfterMethod tearDown -->
  <testcase name="@BeforeMethod setUp" time="0.0" classname="com.qa.rsautomation.tests.ProductSearchPageTest">
    <failure type="java.lang.NullPointerException">
      <![CDATA[java.lang.NullPointerException
	at com.qa.rsautomation.base.TestBase.initialisation(TestBase.java:41)
	at com.qa.rsautomation.tests.ProductSearchPageTest.setUp(ProductSearchPageTest.java:26)
... Removed 26 stack frames]]>
    </failure>
  </testcase> <!-- @BeforeMethod setUp -->
  <testcase name="@AfterMethod tearDown" time="0.0" classname="com.qa.rsautomation.tests.ProductSearchPageTest">
    <skipped/>
  </testcase> <!-- @AfterMethod tearDown -->
  <testcase name="@BeforeMethod setUp" time="0.0" classname="com.qa.rsautomation.tests.ProductSearchPageTest">
    <skipped/>
  </testcase> <!-- @BeforeMethod setUp -->
  <testcase name="@AfterMethod tearDown" time="0.0" classname="com.qa.rsautomation.tests.ProductSearchPageTest">
    <skipped/>
  </testcase> <!-- @AfterMethod tearDown -->
  <testcase name="@BeforeMethod setUp" time="0.0" classname="com.qa.rsautomation.tests.ProductSearchPageTest">
    <skipped/>
  </testcase> <!-- @BeforeMethod setUp -->
  <testcase name="@AfterMethod tearDown" time="0.0" classname="com.qa.rsautomation.tests.ProductSearchPageTest">
    <skipped/>
  </testcase> <!-- @AfterMethod tearDown -->
  <testcase name="@BeforeMethod setUp" time="0.0" classname="com.qa.rsautomation.tests.BasketSummaryPageTest">
    <failure type="java.lang.NullPointerException">
      <![CDATA[java.lang.NullPointerException
	at com.qa.rsautomation.base.TestBase.initialisation(TestBase.java:41)
	at com.qa.rsautomation.tests.BasketSummaryPageTest.setUp(BasketSummaryPageTest.java:29)
... Removed 26 stack frames]]>
    </failure>
  </testcase> <!-- @BeforeMethod setUp -->
  <testcase name="@AfterMethod tearDown" time="0.0" classname="com.qa.rsautomation.tests.BasketSummaryPageTest">
    <skipped/>
  </testcase> <!-- @AfterMethod tearDown -->
  <testcase name="verifyhomepageTitleTest" time="0.016" classname="com.qa.rsautomation.tests.HomePageTest">
    <skipped/>
  </testcase> <!-- verifyhomepageTitleTest -->
  <testcase name="verifyhomepageLogoTest" time="0.0" classname="com.qa.rsautomation.tests.HomePageTest">
    <skipped/>
  </testcase> <!-- verifyhomepageLogoTest -->
  <testcase name="verifyclickLoginTest" time="0.0" classname="com.qa.rsautomation.tests.HomePageTest">
    <skipped/>
  </testcase> <!-- verifyclickLoginTest -->
  <testcase name="verifyloginpageheaderTest" time="0.0" classname="com.qa.rsautomation.tests.LoginPageTest">
    <skipped/>
  </testcase> <!-- verifyloginpageheaderTest -->
  <testcase name="enterLoginDetailsTest" time="0.0" classname="com.qa.rsautomation.tests.LoginPageTest">
    <skipped/>
  </testcase> <!-- enterLoginDetailsTest -->
  <testcase name="verifyloggeduserTest" time="0.0" classname="com.qa.rsautomation.tests.ProductSearchPageTest">
    <skipped/>
  </testcase> <!-- verifyloggeduserTest -->
  <testcase name="searchProductTest" time="0.0" classname="com.qa.rsautomation.tests.ProductSearchPageTest">
    <skipped/>
  </testcase> <!-- searchProductTest -->
  <testcase name="verifypartNumberTest" time="0.015" classname="com.qa.rsautomation.tests.ProductSearchPageTest">
    <skipped/>
  </testcase> <!-- verifypartNumberTest -->
  <testcase name="verifyBasketTest" time="0.0" classname="com.qa.rsautomation.tests.BasketSummaryPageTest">
    <skipped/>
  </testcase> <!-- verifyBasketTest -->
</testsuite> <!-- RSAutomation Regression Test -->
