<?xml version="1.0" encoding="UTF-8"?>
<!-- Generated by org.testng.reporters.JUnitXMLReporter -->
<testsuite hostname="DESKTOP-SFS223H" name="RSAutomation Regression Test" tests="9" failures="0" timestamp="29 Oct 2019 15:49:46 GMT" time="154.573" errors="0">
  <testcase name="verifyhomepageTitleTest" time="0.05" classname="com.qa.rsautomation.tests.HomePageTest"/>
  <testcase name="verifyhomepageLogoTest" time="1.454" classname="com.qa.rsautomation.tests.HomePageTest"/>
  <testcase name="verifyclickLoginTest" time="1.463" classname="com.qa.rsautomation.tests.HomePageTest"/>
  <testcase name="verifyloginpageheaderTest" time="3.366" classname="com.qa.rsautomation.tests.LoginPageTest"/>
  <testcase name="enterLoginDetailsTest" time="11.343" classname="com.qa.rsautomation.tests.LoginPageTest"/>
  <testcase name="verifyloggeduserTest" time="3.831" classname="com.qa.rsautomation.tests.ProductSearchPageTest"/>
  <testcase name="searchProductTest" time="8.192" classname="com.qa.rsautomation.tests.ProductSearchPageTest"/>
  <testcase name="verifypartNumberTest" time="14.001" classname="com.qa.rsautomation.tests.ProductSearchPageTest"/>
  <testcase name="verifyBasketTest" time="18.532" classname="com.qa.rsautomation.tests.BasketSummaryPageTest"/>
</testsuite> <!-- RSAutomation Regression Test -->
