<?xml version="1.0" encoding="UTF-8"?>
<testng-results skipped="0" failed="0" total="10" passed="10">
  <reporter-output>
  </reporter-output>
  <suite name="Failed suite [RSAutomation Test Suite]" duration-ms="191151" started-at="2019-10-29T15:47:12Z" finished-at="2019-10-29T15:50:23Z">
    <groups>
    </groups>
    <test name="RSAutomation Regression Test" duration-ms="154573" started-at="2019-10-29T15:47:12Z" finished-at="2019-10-29T15:49:46Z">
      <class name="com.qa.rsautomation.tests.HomePageTest">
        <test-method status="PASS" signature="setUp()[pri:0, instance:com.qa.rsautomation.tests.HomePageTest@7c75222b]" name="setUp" is-config="true" duration-ms="8186" started-at="2019-10-29T15:47:12Z" finished-at="2019-10-29T15:47:20Z">
          <reporter-output>
          </reporter-output>
        </test-method> <!-- setUp -->
        <test-method status="PASS" signature="verifyhomepageTitleTest()[pri:1, instance:com.qa.rsautomation.tests.HomePageTest@7c75222b]" name="verifyhomepageTitleTest" duration-ms="50" started-at="2019-10-29T15:47:20Z" finished-at="2019-10-29T15:47:20Z">
          <reporter-output>
          </reporter-output>
        </test-method> <!-- verifyhomepageTitleTest -->
        <test-method status="PASS" signature="tearDown()[pri:0, instance:com.qa.rsautomation.tests.HomePageTest@7c75222b]" name="tearDown" is-config="true" duration-ms="771" started-at="2019-10-29T15:47:20Z" finished-at="2019-10-29T15:47:21Z">
          <reporter-output>
          </reporter-output>
        </test-method> <!-- tearDown -->
        <test-method status="PASS" signature="setUp()[pri:0, instance:com.qa.rsautomation.tests.HomePageTest@7c75222b]" name="setUp" is-config="true" duration-ms="6410" started-at="2019-10-29T15:47:21Z" finished-at="2019-10-29T15:47:27Z">
          <reporter-output>
          </reporter-output>
        </test-method> <!-- setUp -->
        <test-method status="PASS" signature="verifyhomepageLogoTest()[pri:2, instance:com.qa.rsautomation.tests.HomePageTest@7c75222b]" name="verifyhomepageLogoTest" duration-ms="1454" started-at="2019-10-29T15:47:27Z" finished-at="2019-10-29T15:47:29Z">
          <reporter-output>
          </reporter-output>
        </test-method> <!-- verifyhomepageLogoTest -->
        <test-method status="PASS" signature="tearDown()[pri:0, instance:com.qa.rsautomation.tests.HomePageTest@7c75222b]" name="tearDown" is-config="true" duration-ms="756" started-at="2019-10-29T15:47:29Z" finished-at="2019-10-29T15:47:30Z">
          <reporter-output>
          </reporter-output>
        </test-method> <!-- tearDown -->
        <test-method status="PASS" signature="setUp()[pri:0, instance:com.qa.rsautomation.tests.HomePageTest@7c75222b]" name="setUp" is-config="true" duration-ms="6792" started-at="2019-10-29T15:47:30Z" finished-at="2019-10-29T15:47:36Z">
          <reporter-output>
          </reporter-output>
        </test-method> <!-- setUp -->
        <test-method status="PASS" signature="verifyclickLoginTest()[pri:3, instance:com.qa.rsautomation.tests.HomePageTest@7c75222b]" name="verifyclickLoginTest" duration-ms="1463" started-at="2019-10-29T15:47:36Z" finished-at="2019-10-29T15:47:38Z">
          <reporter-output>
          </reporter-output>
        </test-method> <!-- verifyclickLoginTest -->
        <test-method status="PASS" signature="tearDown()[pri:0, instance:com.qa.rsautomation.tests.HomePageTest@7c75222b]" name="tearDown" is-config="true" duration-ms="778" started-at="2019-10-29T15:47:38Z" finished-at="2019-10-29T15:47:39Z">
          <reporter-output>
          </reporter-output>
        </test-method> <!-- tearDown -->
      </class> <!-- com.qa.rsautomation.tests.HomePageTest -->
      <class name="com.qa.rsautomation.tests.ProductSearchPageTest">
        <test-method status="PASS" signature="setUp()[pri:0, instance:com.qa.rsautomation.tests.ProductSearchPageTest@27f674d]" name="setUp" is-config="true" duration-ms="9873" started-at="2019-10-29T15:48:10Z" finished-at="2019-10-29T15:48:20Z">
          <reporter-output>
          </reporter-output>
        </test-method> <!-- setUp -->
        <test-method status="PASS" signature="verifyloggeduserTest()[pri:1, instance:com.qa.rsautomation.tests.ProductSearchPageTest@27f674d]" name="verifyloggeduserTest" duration-ms="3831" started-at="2019-10-29T15:48:20Z" finished-at="2019-10-29T15:48:24Z">
          <reporter-output>
          </reporter-output>
        </test-method> <!-- verifyloggeduserTest -->
        <test-method status="PASS" signature="tearDown()[pri:0, instance:com.qa.rsautomation.tests.ProductSearchPageTest@27f674d]" name="tearDown" is-config="true" duration-ms="904" started-at="2019-10-29T15:48:24Z" finished-at="2019-10-29T15:48:25Z">
          <reporter-output>
          </reporter-output>
        </test-method> <!-- tearDown -->
        <test-method status="PASS" signature="setUp()[pri:0, instance:com.qa.rsautomation.tests.ProductSearchPageTest@27f674d]" name="setUp" is-config="true" duration-ms="14586" started-at="2019-10-29T15:48:25Z" finished-at="2019-10-29T15:48:39Z">
          <reporter-output>
          </reporter-output>
        </test-method> <!-- setUp -->
        <test-method status="PASS" signature="searchProductTest()[pri:2, instance:com.qa.rsautomation.tests.ProductSearchPageTest@27f674d]" name="searchProductTest" duration-ms="8192" started-at="2019-10-29T15:48:39Z" finished-at="2019-10-29T15:48:48Z">
          <reporter-output>
          </reporter-output>
        </test-method> <!-- searchProductTest -->
        <test-method status="PASS" signature="tearDown()[pri:0, instance:com.qa.rsautomation.tests.ProductSearchPageTest@27f674d]" name="tearDown" is-config="true" duration-ms="867" started-at="2019-10-29T15:48:48Z" finished-at="2019-10-29T15:48:48Z">
          <reporter-output>
          </reporter-output>
        </test-method> <!-- tearDown -->
        <test-method status="PASS" signature="setUp()[pri:0, instance:com.qa.rsautomation.tests.ProductSearchPageTest@27f674d]" name="setUp" is-config="true" duration-ms="10343" started-at="2019-10-29T15:48:48Z" finished-at="2019-10-29T15:48:59Z">
          <reporter-output>
          </reporter-output>
        </test-method> <!-- setUp -->
        <test-method status="PASS" signature="verifypartNumberTest()[pri:3, instance:com.qa.rsautomation.tests.ProductSearchPageTest@27f674d]" name="verifypartNumberTest" duration-ms="14001" started-at="2019-10-29T15:48:59Z" finished-at="2019-10-29T15:49:13Z">
          <reporter-output>
          </reporter-output>
        </test-method> <!-- verifypartNumberTest -->
        <test-method status="PASS" signature="tearDown()[pri:0, instance:com.qa.rsautomation.tests.ProductSearchPageTest@27f674d]" name="tearDown" is-config="true" duration-ms="811" started-at="2019-10-29T15:49:13Z" finished-at="2019-10-29T15:49:14Z">
          <reporter-output>
          </reporter-output>
        </test-method> <!-- tearDown -->
      </class> <!-- com.qa.rsautomation.tests.ProductSearchPageTest -->
      <class name="com.qa.rsautomation.tests.LoginPageTest">
        <test-method status="PASS" signature="setUp()[pri:0, instance:com.qa.rsautomation.tests.LoginPageTest@4c203ea1]" name="setUp" is-config="true" duration-ms="7177" started-at="2019-10-29T15:47:39Z" finished-at="2019-10-29T15:47:46Z">
          <reporter-output>
          </reporter-output>
        </test-method> <!-- setUp -->
        <test-method status="PASS" signature="verifyloginpageheaderTest()[pri:1, instance:com.qa.rsautomation.tests.LoginPageTest@4c203ea1]" name="verifyloginpageheaderTest" duration-ms="3366" started-at="2019-10-29T15:47:46Z" finished-at="2019-10-29T15:47:49Z">
          <reporter-output>
          </reporter-output>
        </test-method> <!-- verifyloginpageheaderTest -->
        <test-method status="PASS" signature="tearDown()[pri:0, instance:com.qa.rsautomation.tests.LoginPageTest@4c203ea1]" name="tearDown" is-config="true" duration-ms="1148" started-at="2019-10-29T15:47:49Z" finished-at="2019-10-29T15:47:50Z">
          <reporter-output>
          </reporter-output>
        </test-method> <!-- tearDown -->
        <test-method status="PASS" signature="setUp()[pri:0, instance:com.qa.rsautomation.tests.LoginPageTest@4c203ea1]" name="setUp" is-config="true" duration-ms="7626" started-at="2019-10-29T15:47:50Z" finished-at="2019-10-29T15:47:58Z">
          <reporter-output>
          </reporter-output>
        </test-method> <!-- setUp -->
        <test-method status="PASS" signature="enterLoginDetailsTest()[pri:2, instance:com.qa.rsautomation.tests.LoginPageTest@4c203ea1]" name="enterLoginDetailsTest" duration-ms="11343" started-at="2019-10-29T15:47:58Z" finished-at="2019-10-29T15:48:09Z">
          <reporter-output>
          </reporter-output>
        </test-method> <!-- enterLoginDetailsTest -->
        <test-method status="PASS" signature="tearDown()[pri:0, instance:com.qa.rsautomation.tests.LoginPageTest@4c203ea1]" name="tearDown" is-config="true" duration-ms="1033" started-at="2019-10-29T15:48:09Z" finished-at="2019-10-29T15:48:10Z">
          <reporter-output>
          </reporter-output>
        </test-method> <!-- tearDown -->
      </class> <!-- com.qa.rsautomation.tests.LoginPageTest -->
      <class name="com.qa.rsautomation.tests.BasketSummaryPageTest">
        <test-method status="PASS" signature="setUp()[pri:0, instance:com.qa.rsautomation.tests.BasketSummaryPageTest@1d251891]" name="setUp" is-config="true" duration-ms="13430" started-at="2019-10-29T15:49:14Z" finished-at="2019-10-29T15:49:27Z">
          <reporter-output>
          </reporter-output>
        </test-method> <!-- setUp -->
        <test-method status="PASS" signature="verifyBasketTest()[pri:1, instance:com.qa.rsautomation.tests.BasketSummaryPageTest@1d251891]" name="verifyBasketTest" duration-ms="18532" started-at="2019-10-29T15:49:27Z" finished-at="2019-10-29T15:49:46Z">
          <reporter-output>
          </reporter-output>
        </test-method> <!-- verifyBasketTest -->
        <test-method status="PASS" signature="tearDown()[pri:0, instance:com.qa.rsautomation.tests.BasketSummaryPageTest@1d251891]" name="tearDown" is-config="true" duration-ms="796" started-at="2019-10-29T15:49:46Z" finished-at="2019-10-29T15:49:46Z">
          <reporter-output>
          </reporter-output>
        </test-method> <!-- tearDown -->
      </class> <!-- com.qa.rsautomation.tests.BasketSummaryPageTest -->
    </test> <!-- RSAutomation Regression Test -->
    <test name="RSAutomation Regression Test(failed)" duration-ms="36562" started-at="2019-10-29T15:49:46Z" finished-at="2019-10-29T15:50:23Z">
      <class name="com.qa.rsautomation.tests.BasketSummaryPageTest">
        <test-method status="PASS" signature="setUp()[pri:0, instance:com.qa.rsautomation.tests.BasketSummaryPageTest@3d24753a]" name="setUp" is-config="true" duration-ms="16712" started-at="2019-10-29T15:49:46Z" finished-at="2019-10-29T15:50:03Z">
          <reporter-output>
          </reporter-output>
        </test-method> <!-- setUp -->
        <test-method status="PASS" signature="verifyBasketTest()[pri:1, instance:com.qa.rsautomation.tests.BasketSummaryPageTest@3d24753a]" name="verifyBasketTest" duration-ms="19056" started-at="2019-10-29T15:50:03Z" finished-at="2019-10-29T15:50:22Z">
          <reporter-output>
          </reporter-output>
        </test-method> <!-- verifyBasketTest -->
        <test-method status="PASS" signature="tearDown()[pri:0, instance:com.qa.rsautomation.tests.BasketSummaryPageTest@3d24753a]" name="tearDown" is-config="true" duration-ms="793" started-at="2019-10-29T15:50:22Z" finished-at="2019-10-29T15:50:23Z">
          <reporter-output>
          </reporter-output>
        </test-method> <!-- tearDown -->
      </class> <!-- com.qa.rsautomation.tests.BasketSummaryPageTest -->
    </test> <!-- RSAutomation Regression Test(failed) -->
  </suite> <!-- Failed suite [RSAutomation Test Suite] -->
</testng-results>
