<?xml version="1.0" encoding="UTF-8"?>
<testng-results skipped="3" failed="0" total="3" passed="0">
  <reporter-output>
  </reporter-output>
  <suite name="Default suite" duration-ms="101" started-at="2019-10-29T21:11:51Z" finished-at="2019-10-29T21:11:51Z">
    <groups>
    </groups>
    <test name="Default test" duration-ms="101" started-at="2019-10-29T21:11:51Z" finished-at="2019-10-29T21:11:51Z">
      <class name="com.qa.rsautomation.tests.HomePageTest">
        <test-method status="FAIL" signature="setUp()[pri:0, instance:com.qa.rsautomation.tests.HomePageTest@2f7c7260]" name="setUp" is-config="true" duration-ms="0" started-at="2019-10-29T21:11:51Z" finished-at="2019-10-29T21:11:51Z">
          <exception class="java.lang.NullPointerException">
            <full-stacktrace>
              <![CDATA[java.lang.NullPointerException
	at com.qa.rsautomation.base.TestBase.initialisation(TestBase.java:41)
	at com.qa.rsautomation.tests.HomePageTest.setUp(HomePageTest.java:23)
	at sun.reflect.NativeMethodAccessorImpl.invoke0(Native Method)
	at sun.reflect.NativeMethodAccessorImpl.invoke(NativeMethodAccessorImpl.java:62)
	at sun.reflect.DelegatingMethodAccessorImpl.invoke(DelegatingMethodAccessorImpl.java:43)
	at java.lang.reflect.Method.invoke(Method.java:498)
	at org.testng.internal.MethodInvocationHelper.invokeMethod(MethodInvocationHelper.java:86)
	at org.testng.internal.Invoker.invokeConfigurationMethod(Invoker.java:514)
	at org.testng.internal.Invoker.invokeConfigurations(Invoker.java:215)
	at org.testng.internal.Invoker.invokeMethod(Invoker.java:589)
	at org.testng.internal.Invoker.invokeTestMethod(Invoker.java:822)
	at org.testng.internal.Invoker.invokeTestMethods(Invoker.java:1130)
	at org.testng.internal.TestMethodWorker.invokeTestMethods(TestMethodWorker.java:129)
	at org.testng.internal.TestMethodWorker.run(TestMethodWorker.java:112)
	at org.testng.TestRunner.privateRun(TestRunner.java:782)
	at org.testng.TestRunner.run(TestRunner.java:632)
	at org.testng.SuiteRunner.runTest(SuiteRunner.java:366)
	at org.testng.SuiteRunner.runSequentially(SuiteRunner.java:361)
	at org.testng.SuiteRunner.privateRun(SuiteRunner.java:319)
	at org.testng.SuiteRunner.run(SuiteRunner.java:268)
	at org.testng.SuiteRunnerWorker.runSuite(SuiteRunnerWorker.java:52)
	at org.testng.SuiteRunnerWorker.run(SuiteRunnerWorker.java:86)
	at org.testng.TestNG.runSuitesSequentially(TestNG.java:1244)
	at org.testng.TestNG.runSuitesLocally(TestNG.java:1169)
	at org.testng.TestNG.run(TestNG.java:1064)
	at org.testng.remote.RemoteTestNG.run(RemoteTestNG.java:113)
	at org.testng.remote.RemoteTestNG.initAndRun(RemoteTestNG.java:206)
	at org.testng.remote.RemoteTestNG.main(RemoteTestNG.java:177)
]]>
            </full-stacktrace>
          </exception> <!-- java.lang.NullPointerException -->
          <reporter-output>
          </reporter-output>
        </test-method> <!-- setUp -->
        <test-method status="SKIP" signature="tearDown()[pri:0, instance:com.qa.rsautomation.tests.HomePageTest@2f7c7260]" name="tearDown" is-config="true" duration-ms="0" started-at="2019-10-29T21:11:51Z" finished-at="2019-10-29T21:11:51Z">
          <reporter-output>
          </reporter-output>
        </test-method> <!-- tearDown -->
        <test-method status="SKIP" signature="verifyhomepageTitleTest()[pri:1, instance:com.qa.rsautomation.tests.HomePageTest@2f7c7260]" name="verifyhomepageTitleTest" duration-ms="0" started-at="2019-10-29T21:11:51Z" finished-at="2019-10-29T21:11:51Z">
          <reporter-output>
          </reporter-output>
        </test-method> <!-- verifyhomepageTitleTest -->
        <test-method status="SKIP" signature="verifyhomepageLogoTest()[pri:2, instance:com.qa.rsautomation.tests.HomePageTest@2f7c7260]" name="verifyhomepageLogoTest" duration-ms="0" started-at="2019-10-29T21:11:51Z" finished-at="2019-10-29T21:11:51Z">
          <reporter-output>
          </reporter-output>
        </test-method> <!-- verifyhomepageLogoTest -->
        <test-method status="SKIP" signature="tearDown()[pri:0, instance:com.qa.rsautomation.tests.HomePageTest@2f7c7260]" name="tearDown" is-config="true" duration-ms="0" started-at="2019-10-29T21:11:51Z" finished-at="2019-10-29T21:11:51Z">
          <reporter-output>
          </reporter-output>
        </test-method> <!-- tearDown -->
        <test-method status="SKIP" signature="setUp()[pri:0, instance:com.qa.rsautomation.tests.HomePageTest@2f7c7260]" name="setUp" is-config="true" duration-ms="0" started-at="2019-10-29T21:11:51Z" finished-at="2019-10-29T21:11:51Z">
          <reporter-output>
          </reporter-output>
        </test-method> <!-- setUp -->
        <test-method status="SKIP" signature="verifyclickLoginTest()[pri:3, instance:com.qa.rsautomation.tests.HomePageTest@2f7c7260]" name="verifyclickLoginTest" duration-ms="0" started-at="2019-10-29T21:11:51Z" finished-at="2019-10-29T21:11:51Z">
          <reporter-output>
          </reporter-output>
        </test-method> <!-- verifyclickLoginTest -->
        <test-method status="SKIP" signature="setUp()[pri:0, instance:com.qa.rsautomation.tests.HomePageTest@2f7c7260]" name="setUp" is-config="true" duration-ms="0" started-at="2019-10-29T21:11:51Z" finished-at="2019-10-29T21:11:51Z">
          <reporter-output>
          </reporter-output>
        </test-method> <!-- setUp -->
        <test-method status="SKIP" signature="tearDown()[pri:0, instance:com.qa.rsautomation.tests.HomePageTest@2f7c7260]" name="tearDown" is-config="true" duration-ms="0" started-at="2019-10-29T21:11:51Z" finished-at="2019-10-29T21:11:51Z">
          <reporter-output>
          </reporter-output>
        </test-method> <!-- tearDown -->
      </class> <!-- com.qa.rsautomation.tests.HomePageTest -->
    </test> <!-- Default test -->
  </suite> <!-- Default suite -->
</testng-results>
